2015-11-03 18:28:59,900 INFO  [org.jboss.modules] (main) JBoss Modules version 1.4.4.Final
2015-11-03 18:29:00,176 INFO  [org.jboss.msc] (main) JBoss MSC version 1.2.6.Final
2015-11-03 18:29:00,254 INFO  [org.jboss.as] (MSC service thread 1-8) WFLYSRV0049: WildFly Full 10.0.0.CR5-SNAPSHOT (WildFly Core 2.0.0.Final) starting
2015-11-03 18:29:00,255 DEBUG [org.jboss.as.config] (MSC service thread 1-8) Configured system properties:
	[Standalone] = 
	awt.toolkit = sun.awt.X11.XToolkit
	file.encoding = UTF-8
	file.encoding.pkg = sun.io
	file.separator = /
	java.awt.graphicsenv = sun.awt.X11GraphicsEnvironment
	java.awt.headless = true
	java.awt.printerjob = sun.print.PSPrinterJob
	java.class.path = /home/tomek/workspace/wildfly9-examples/undertow-js/wildfly/jboss-modules.jar
	java.class.version = 52.0
	java.endorsed.dirs = /usr/lib/jvm/java-1.8.0-openjdk-1.8.0.45.x86_64/jre/lib/endorsed
	java.ext.dirs = /usr/lib/jvm/java-1.8.0-openjdk-1.8.0.45.x86_64/jre/lib/ext:/usr/java/packages/lib/ext
	java.home = /usr/lib/jvm/java-1.8.0-openjdk-1.8.0.45.x86_64/jre
	java.io.tmpdir = /tmp
	java.library.path = /usr/java/packages/lib/amd64:/usr/lib64:/lib64:/lib:/usr/lib
	java.net.preferIPv4Stack = true
	java.runtime.name = OpenJDK Runtime Environment
	java.runtime.version = 1.8.0_45-b14
	java.specification.name = Java Platform API Specification
	java.specification.vendor = Oracle Corporation
	java.specification.version = 1.8
	java.util.logging.manager = org.jboss.logmanager.LogManager
	java.vendor = Oracle Corporation
	java.vendor.url = http://java.oracle.com/
	java.vendor.url.bug = http://bugreport.sun.com/bugreport/
	java.version = 1.8.0_45
	java.vm.info = mixed mode
	java.vm.name = OpenJDK 64-Bit Server VM
	java.vm.specification.name = Java Virtual Machine Specification
	java.vm.specification.vendor = Oracle Corporation
	java.vm.specification.version = 1.8
	java.vm.vendor = Oracle Corporation
	java.vm.version = 25.45-b02
	javax.management.builder.initial = org.jboss.as.jmx.PluggableMBeanServerBuilder
	javax.xml.datatype.DatatypeFactory = __redirected.__DatatypeFactory
	javax.xml.parsers.DocumentBuilderFactory = __redirected.__DocumentBuilderFactory
	javax.xml.parsers.SAXParserFactory = __redirected.__SAXParserFactory
	javax.xml.stream.XMLEventFactory = __redirected.__XMLEventFactory
	javax.xml.stream.XMLInputFactory = __redirected.__XMLInputFactory
	javax.xml.stream.XMLOutputFactory = __redirected.__XMLOutputFactory
	javax.xml.transform.TransformerFactory = __redirected.__TransformerFactory
	javax.xml.validation.SchemaFactory:http://www.w3.org/2001/XMLSchema = __redirected.__SchemaFactory
	javax.xml.xpath.XPathFactory:http://java.sun.com/jaxp/xpath/dom = __redirected.__XPathFactory
	jboss.home.dir = /home/tomek/workspace/wildfly9-examples/undertow-js/wildfly
	jboss.host.name = localhost
	jboss.modules.dir = /home/tomek/workspace/wildfly9-examples/undertow-js/wildfly/modules
	jboss.modules.system.pkgs = org.jboss.byteman
	jboss.node.name = localhost
	jboss.qualified.host.name = localhost.localdomain
	jboss.server.base.dir = /home/tomek/workspace/wildfly9-examples/undertow-js/wildfly/standalone
	jboss.server.config.dir = /home/tomek/workspace/wildfly9-examples/undertow-js/wildfly/standalone/configuration
	jboss.server.data.dir = /home/tomek/workspace/wildfly9-examples/undertow-js/wildfly/standalone/data
	jboss.server.deploy.dir = /home/tomek/workspace/wildfly9-examples/undertow-js/wildfly/standalone/data/content
	jboss.server.log.dir = /home/tomek/workspace/wildfly9-examples/undertow-js/wildfly/standalone/log
	jboss.server.name = localhost
	jboss.server.persist.config = true
	jboss.server.temp.dir = /home/tomek/workspace/wildfly9-examples/undertow-js/wildfly/standalone/tmp
	line.separator = 

	logging.configuration = file:/home/tomek/workspace/wildfly9-examples/undertow-js/wildfly/standalone/configuration/logging.properties
	module.path = /home/tomek/workspace/wildfly9-examples/undertow-js/wildfly/modules
	org.jboss.boot.log.file = /home/tomek/workspace/wildfly9-examples/undertow-js/wildfly/standalone/log/server.log
	org.jboss.resolver.warning = true
	org.xml.sax.driver = __redirected.__XMLReaderFactory
	os.arch = amd64
	os.name = Linux
	os.version = 3.19.8-100.fc20.x86_64
	path.separator = :
	sun.arch.data.model = 64
	sun.boot.class.path = /usr/lib/jvm/java-1.8.0-openjdk-1.8.0.45.x86_64/jre/lib/resources.jar:/usr/lib/jvm/java-1.8.0-openjdk-1.8.0.45.x86_64/jre/lib/rt.jar:/usr/lib/jvm/java-1.8.0-openjdk-1.8.0.45.x86_64/jre/lib/sunrsasign.jar:/usr/lib/jvm/java-1.8.0-openjdk-1.8.0.45.x86_64/jre/lib/jsse.jar:/usr/lib/jvm/java-1.8.0-openjdk-1.8.0.45.x86_64/jre/lib/jce.jar:/usr/lib/jvm/java-1.8.0-openjdk-1.8.0.45.x86_64/jre/lib/charsets.jar:/usr/lib/jvm/java-1.8.0-openjdk-1.8.0.45.x86_64/jre/lib/jfr.jar:/usr/lib/jvm/java-1.8.0-openjdk-1.8.0.45.x86_64/jre/classes
	sun.boot.library.path = /usr/lib/jvm/java-1.8.0-openjdk-1.8.0.45.x86_64/jre/lib/amd64
	sun.cpu.endian = little
	sun.cpu.isalist = 
	sun.io.unicode.encoding = UnicodeLittle
	sun.java.command = /home/tomek/workspace/wildfly9-examples/undertow-js/wildfly/jboss-modules.jar -mp /home/tomek/workspace/wildfly9-examples/undertow-js/wildfly/modules org.jboss.as.standalone -Djboss.home.dir=/home/tomek/workspace/wildfly9-examples/undertow-js/wildfly -Djboss.server.base.dir=/home/tomek/workspace/wildfly9-examples/undertow-js/wildfly/standalone
	sun.java.launcher = SUN_STANDARD
	sun.jnu.encoding = UTF-8
	sun.management.compiler = HotSpot 64-Bit Tiered Compilers
	sun.os.patch.level = unknown
	user.country = PL
	user.dir = /home/tomek/workspace/wildfly9-examples/undertow-js/wildfly/bin
	user.home = /home/tomek
	user.language = pl
	user.name = tomek
	user.timezone = Poland
2015-11-03 18:29:00,255 DEBUG [org.jboss.as.config] (MSC service thread 1-8) VM Arguments: -D[Standalone] -Xms64m -Xmx512m -Djava.net.preferIPv4Stack=true -Djboss.modules.system.pkgs=org.jboss.byteman -Djava.awt.headless=true -Dorg.jboss.boot.log.file=/home/tomek/workspace/wildfly9-examples/undertow-js/wildfly/standalone/log/server.log -Dlogging.configuration=file:/home/tomek/workspace/wildfly9-examples/undertow-js/wildfly/standalone/configuration/logging.properties 
2015-11-03 18:29:01,502 INFO  [org.jboss.as.repository] (ServerService Thread Pool -- 5) WFLYDR0001: Content added at location /home/tomek/workspace/wildfly9-examples/undertow-js/wildfly/standalone/data/content/1f/82cea2c11090f94189e7188ea3e1270b1dd25f/content
2015-11-03 18:29:01,520 INFO  [org.jboss.as.server] (Controller Boot Thread) WFLYSRV0039: Creating http management service using socket-binding (management-http)
2015-11-03 18:29:01,542 INFO  [org.xnio] (MSC service thread 1-6) XNIO version 3.3.2.Final
2015-11-03 18:29:01,547 INFO  [org.xnio.nio] (MSC service thread 1-6) XNIO NIO Implementation Version 3.3.2.Final
2015-11-03 18:29:01,587 INFO  [org.jboss.as.connector.subsystems.datasources] (ServerService Thread Pool -- 33) WFLYJCA0004: Deploying JDBC-compliant driver class org.h2.Driver (version 1.3)
2015-11-03 18:29:01,633 INFO  [org.jboss.as.clustering.infinispan] (ServerService Thread Pool -- 38) WFLYCLINF0001: Activating Infinispan subsystem.
2015-11-03 18:29:01,643 INFO  [org.jboss.as.jsf] (ServerService Thread Pool -- 44) WFLYJSF0007: Activated the following JSF Implementations: [main]
2015-11-03 18:29:01,656 WARN  [org.jboss.as.txn] (ServerService Thread Pool -- 54) WFLYTX0013: Node identifier property is set to the default value. Please make sure it is unique.
2015-11-03 18:29:01,658 INFO  [org.jboss.as.naming] (ServerService Thread Pool -- 46) WFLYNAM0001: Activating Naming Subsystem
2015-11-03 18:29:01,662 INFO  [org.jboss.as.security] (ServerService Thread Pool -- 53) WFLYSEC0002: Activating Security Subsystem
2015-11-03 18:29:01,664 INFO  [org.jboss.as.security] (MSC service thread 1-8) WFLYSEC0001: Current PicketBox version=4.9.3.Final
2015-11-03 18:29:01,681 INFO  [org.jboss.remoting] (MSC service thread 1-6) JBoss Remoting version 4.0.14.Final
2015-11-03 18:29:01,697 INFO  [org.wildfly.extension.undertow] (MSC service thread 1-3) WFLYUT0003: Undertow 1.3.4.Final starting
2015-11-03 18:29:01,699 INFO  [org.wildfly.extension.undertow] (ServerService Thread Pool -- 55) WFLYUT0003: Undertow 1.3.4.Final starting
2015-11-03 18:29:01,701 INFO  [org.wildfly.extension.io] (ServerService Thread Pool -- 37) WFLYIO001: Worker 'default' has auto-configured to 8 core threads with 64 task threads based on your 4 available processors
2015-11-03 18:29:01,704 INFO  [org.jboss.as.webservices] (ServerService Thread Pool -- 56) WFLYWS0002: Activating WebServices Extension
2015-11-03 18:29:01,712 INFO  [org.jboss.as.connector] (MSC service thread 1-7) WFLYJCA0009: Starting JCA Subsystem (WildFly/IronJacamar 1.3.1.Final)
2015-11-03 18:29:01,716 INFO  [org.jboss.as.connector.deployers.jdbc] (MSC service thread 1-1) WFLYJCA0018: Started Driver service with driver-name = h2
2015-11-03 18:29:01,838 INFO  [org.jboss.as.naming] (MSC service thread 1-6) WFLYNAM0003: Starting Naming Service
2015-11-03 18:29:01,839 INFO  [org.jboss.as.mail.extension] (MSC service thread 1-4) WFLYMAIL0001: Bound mail session [java:jboss/mail/Default]
2015-11-03 18:29:01,929 INFO  [org.wildfly.extension.undertow] (ServerService Thread Pool -- 55) WFLYUT0014: Creating file handler for path '/home/tomek/workspace/wildfly9-examples/undertow-js/wildfly/welcome-content' with options [directory-listing: 'false', follow-symlink: 'false', case-sensitive: 'true', safe-symlink-paths: '[]']
2015-11-03 18:29:01,936 INFO  [org.wildfly.extension.undertow] (MSC service thread 1-4) WFLYUT0012: Started server default-server.
2015-11-03 18:29:01,937 INFO  [org.wildfly.extension.undertow] (MSC service thread 1-1) WFLYUT0018: Host default-host starting
2015-11-03 18:29:02,114 INFO  [org.jboss.as.ejb3] (MSC service thread 1-5) WFLYEJB0482: Strict pool mdb-strict-max-pool is using a max instance size of 16 (per class), which is derived from the number of CPUs on this host.
2015-11-03 18:29:02,115 INFO  [org.jboss.as.ejb3] (MSC service thread 1-7) WFLYEJB0481: Strict pool slsb-strict-max-pool is using a max instance size of 64 (per class), which is derived from thread worker pool sizing.
2015-11-03 18:29:02,162 INFO  [org.wildfly.extension.undertow] (MSC service thread 1-4) WFLYUT0006: Undertow HTTP listener default listening on 127.0.0.1:8080
2015-11-03 18:29:02,370 INFO  [org.jboss.as.connector.subsystems.datasources] (MSC service thread 1-5) WFLYJCA0001: Bound data source [java:jboss/datasources/ExampleDS]
2015-11-03 18:29:02,550 INFO  [org.jboss.as.server.deployment.scanner] (MSC service thread 1-3) WFLYDS0013: Started FileSystemDeploymentService for directory /home/tomek/workspace/wildfly9-examples/undertow-js/wildfly/standalone/deployments
2015-11-03 18:29:02,607 INFO  [org.jboss.as.server.deployment] (MSC service thread 1-2) WFLYSRV0027: Starting deployment of "foo-rest.war" (runtime-name: "foo-rest.war")
2015-11-03 18:29:02,715 INFO  [org.infinispan.factories.GlobalComponentRegistry] (MSC service thread 1-1) ISPN000128: Infinispan version: Infinispan 'Infinite Darkness' 8.0.1.Final
2015-11-03 18:29:02,716 INFO  [org.infinispan.factories.GlobalComponentRegistry] (MSC service thread 1-7) ISPN000128: Infinispan version: Infinispan 'Infinite Darkness' 8.0.1.Final
2015-11-03 18:29:02,716 INFO  [org.infinispan.factories.GlobalComponentRegistry] (MSC service thread 1-3) ISPN000128: Infinispan version: Infinispan 'Infinite Darkness' 8.0.1.Final
2015-11-03 18:29:02,721 INFO  [org.jboss.ws.common.management] (MSC service thread 1-5) JBWS022052: Starting JBoss Web Services - Stack CXF Server 5.1.0.Final
2015-11-03 18:29:02,984 INFO  [org.jboss.as.jpa] (MSC service thread 1-7) WFLYJPA0002: Read persistence.xml for primary
2015-11-03 18:29:02,996 WARN  [org.jboss.as.connector] (MSC service thread 1-7) WFLYJCA0091: -ds.xml file deployments are deprecated. Support may be removed in a future version.
2015-11-03 18:29:03,089 INFO  [org.jboss.as.connector.subsystems.datasources] (MSC service thread 1-2) WFLYJCA0001: Bound data source [java:jboss/datasources/FooRestDS]
2015-11-03 18:29:03,102 INFO  [org.jboss.as.jpa] (ServerService Thread Pool -- 58) WFLYJPA0010: Starting Persistence Unit (phase 1 of 2) Service 'foo-rest.war#primary'
2015-11-03 18:29:03,148 INFO  [org.hibernate.jpa.internal.util.LogHelper] (ServerService Thread Pool -- 58) HHH000204: Processing PersistenceUnitInfo [
	name: primary
	...]
2015-11-03 18:29:03,154 INFO  [org.jboss.weld.deployer] (MSC service thread 1-8) WFLYWELD0003: Processing weld deployment foo-rest.war
2015-11-03 18:29:03,242 INFO  [org.hibernate.Version] (ServerService Thread Pool -- 58) HHH000412: Hibernate Core {5.0.1.Final}
2015-11-03 18:29:03,250 INFO  [org.hibernate.validator.internal.util.Version] (MSC service thread 1-8) HV000001: Hibernate Validator 5.2.2.Final
2015-11-03 18:29:03,249 INFO  [org.hibernate.cfg.Environment] (ServerService Thread Pool -- 58) HHH000206: hibernate.properties not found
2015-11-03 18:29:03,268 INFO  [org.hibernate.cfg.Environment] (ServerService Thread Pool -- 58) HHH000021: Bytecode provider name : javassist
2015-11-03 18:29:03,346 INFO  [org.hibernate.orm.deprecation] (ServerService Thread Pool -- 58) HHH90000001: Found usage of deprecated setting for specifying Scanner [hibernate.ejb.resource_scanner]; use [hibernate.archive.scanner] instead
2015-11-03 18:29:03,355 INFO  [org.hibernate.annotations.common.Version] (ServerService Thread Pool -- 58) HCANN000001: Hibernate Commons Annotations {5.0.0.Final}
2015-11-03 18:29:03,714 INFO  [org.jboss.weld.deployer] (MSC service thread 1-4) WFLYWELD0006: Starting Services for CDI deployment: foo-rest.war
2015-11-03 18:29:03,743 INFO  [org.jboss.weld.Version] (MSC service thread 1-4) WELD-000900: 2.3.1 (Final)
2015-11-03 18:29:03,818 INFO  [org.jboss.weld.deployer] (MSC service thread 1-1) WFLYWELD0009: Starting weld service for deployment foo-rest.war
2015-11-03 18:29:04,010 INFO  [org.jboss.as.jpa] (ServerService Thread Pool -- 58) WFLYJPA0010: Starting Persistence Unit (phase 2 of 2) Service 'foo-rest.war#primary'
2015-11-03 18:29:04,198 INFO  [org.hibernate.dialect.Dialect] (ServerService Thread Pool -- 58) HHH000400: Using dialect: org.hibernate.dialect.H2Dialect
2015-11-03 18:29:04,202 WARN  [org.hibernate.dialect.H2Dialect] (ServerService Thread Pool -- 58) HHH000431: Unable to determine H2 database version, certain features may not work
2015-11-03 18:29:04,240 INFO  [org.hibernate.envers.boot.internal.EnversServiceImpl] (ServerService Thread Pool -- 58) Envers integration enabled? : true
2015-11-03 18:29:04,550 INFO  [org.hibernate.tool.hbm2ddl.SchemaExport] (ServerService Thread Pool -- 58) HHH000227: Running hbm2ddl schema export
2015-11-03 18:29:04,556 INFO  [org.hibernate.tool.hbm2ddl.SchemaExport] (ServerService Thread Pool -- 58) HHH000230: Schema export complete
2015-11-03 18:29:06,339 INFO  [org.wildfly.extension.undertow] (ServerService Thread Pool -- 61) WFLYUT0021: Registered web context: /foo-rest
2015-11-03 18:29:06,379 INFO  [org.jboss.as.server] (ServerService Thread Pool -- 34) WFLYSRV0010: Deployed "foo-rest.war" (runtime-name : "foo-rest.war")
2015-11-03 18:29:06,486 INFO  [org.jboss.as] (Controller Boot Thread) WFLYSRV0060: Http management interface listening on http://127.0.0.1:9990/management
2015-11-03 18:29:06,486 INFO  [org.jboss.as] (Controller Boot Thread) WFLYSRV0051: Admin console listening on http://127.0.0.1:9990
2015-11-03 18:29:06,486 INFO  [org.jboss.as] (Controller Boot Thread) WFLYSRV0025: WildFly Full 10.0.0.CR5-SNAPSHOT (WildFly Core 2.0.0.Final) started in 6847ms - Started 360 of 611 services (344 services are lazy, passive or on-demand)
2015-11-03 18:29:09,891 INFO  [org.jboss.as.server] (Thread-2) WFLYSRV0220: Server shutdown has been requested.
2015-11-03 18:29:09,938 INFO  [org.wildfly.extension.undertow] (ServerService Thread Pool -- 61) WFLYUT0022: Unregistered web context: /foo-rest
2015-11-03 18:29:09,940 INFO  [org.wildfly.extension.undertow] (MSC service thread 1-7) WFLYUT0019: Host default-host stopping
2015-11-03 18:29:09,942 INFO  [org.jboss.weld.deployer] (MSC service thread 1-5) WFLYWELD0010: Stopping weld service for deployment foo-rest.war
2015-11-03 18:29:09,974 INFO  [org.jboss.as.jpa] (ServerService Thread Pool -- 61) WFLYJPA0011: Stopping Persistence Unit (phase 2 of 2) Service 'foo-rest.war#primary'
2015-11-03 18:29:09,975 INFO  [org.jboss.as.connector.subsystems.datasources] (MSC service thread 1-4) WFLYJCA0010: Unbound data source [java:jboss/datasources/ExampleDS]
2015-11-03 18:29:09,976 INFO  [org.hibernate.tool.hbm2ddl.SchemaExport] (ServerService Thread Pool -- 61) HHH000227: Running hbm2ddl schema export
2015-11-03 18:29:09,980 INFO  [org.hibernate.tool.hbm2ddl.SchemaExport] (ServerService Thread Pool -- 61) HHH000230: Schema export complete
2015-11-03 18:29:09,982 INFO  [org.jboss.as.jpa] (ServerService Thread Pool -- 61) WFLYJPA0011: Stopping Persistence Unit (phase 1 of 2) Service 'foo-rest.war#primary'
2015-11-03 18:29:09,985 INFO  [org.jboss.as.connector.deployers.jdbc] (MSC service thread 1-8) WFLYJCA0019: Stopped Driver service with driver-name = h2
2015-11-03 18:29:09,991 INFO  [org.jboss.as.server.deployment] (MSC service thread 1-6) WFLYSRV0028: Stopped deployment foo-rest.war (runtime-name: foo-rest.war) in 94ms
2015-11-03 18:29:09,992 INFO  [org.wildfly.extension.undertow] (MSC service thread 1-4) WFLYUT0008: Undertow HTTP listener default suspending
2015-11-03 18:29:09,994 INFO  [org.wildfly.extension.undertow] (MSC service thread 1-4) WFLYUT0007: Undertow HTTP listener default stopped, was bound to 127.0.0.1:8080
2015-11-03 18:29:09,995 INFO  [org.wildfly.extension.undertow] (MSC service thread 1-4) WFLYUT0004: Undertow 1.3.4.Final stopping
2015-11-03 18:29:10,012 INFO  [org.jboss.as] (MSC service thread 1-5) WFLYSRV0050: WildFly Full 10.0.0.CR5-SNAPSHOT (WildFly Core 2.0.0.Final) stopped in 108ms
2015-11-03 18:29:13,070 INFO  [org.jboss.modules] (main) JBoss Modules version 1.4.4.Final
2015-11-03 18:29:13,251 INFO  [org.jboss.msc] (main) JBoss MSC version 1.2.6.Final
2015-11-03 18:29:13,313 INFO  [org.jboss.as] (MSC service thread 1-6) WFLYSRV0049: WildFly Full 10.0.0.CR5-SNAPSHOT (WildFly Core 2.0.0.Final) starting
2015-11-03 18:29:13,314 DEBUG [org.jboss.as.config] (MSC service thread 1-6) Configured system properties:
	[Standalone] = 
	awt.toolkit = sun.awt.X11.XToolkit
	file.encoding = UTF-8
	file.encoding.pkg = sun.io
	file.separator = /
	java.awt.graphicsenv = sun.awt.X11GraphicsEnvironment
	java.awt.headless = true
	java.awt.printerjob = sun.print.PSPrinterJob
	java.class.path = /home/tomek/workspace/wildfly9-examples/undertow-js/wildfly/jboss-modules.jar
	java.class.version = 52.0
	java.endorsed.dirs = /usr/lib/jvm/java-1.8.0-openjdk-1.8.0.45.x86_64/jre/lib/endorsed
	java.ext.dirs = /usr/lib/jvm/java-1.8.0-openjdk-1.8.0.45.x86_64/jre/lib/ext:/usr/java/packages/lib/ext
	java.home = /usr/lib/jvm/java-1.8.0-openjdk-1.8.0.45.x86_64/jre
	java.io.tmpdir = /tmp
	java.library.path = /usr/java/packages/lib/amd64:/usr/lib64:/lib64:/lib:/usr/lib
	java.net.preferIPv4Stack = true
	java.runtime.name = OpenJDK Runtime Environment
	java.runtime.version = 1.8.0_45-b14
	java.specification.name = Java Platform API Specification
	java.specification.vendor = Oracle Corporation
	java.specification.version = 1.8
	java.util.logging.manager = org.jboss.logmanager.LogManager
	java.vendor = Oracle Corporation
	java.vendor.url = http://java.oracle.com/
	java.vendor.url.bug = http://bugreport.sun.com/bugreport/
	java.version = 1.8.0_45
	java.vm.info = mixed mode
	java.vm.name = OpenJDK 64-Bit Server VM
	java.vm.specification.name = Java Virtual Machine Specification
	java.vm.specification.vendor = Oracle Corporation
	java.vm.specification.version = 1.8
	java.vm.vendor = Oracle Corporation
	java.vm.version = 25.45-b02
	javax.management.builder.initial = org.jboss.as.jmx.PluggableMBeanServerBuilder
	javax.xml.datatype.DatatypeFactory = __redirected.__DatatypeFactory
	javax.xml.parsers.DocumentBuilderFactory = __redirected.__DocumentBuilderFactory
	javax.xml.parsers.SAXParserFactory = __redirected.__SAXParserFactory
	javax.xml.stream.XMLEventFactory = __redirected.__XMLEventFactory
	javax.xml.stream.XMLInputFactory = __redirected.__XMLInputFactory
	javax.xml.stream.XMLOutputFactory = __redirected.__XMLOutputFactory
	javax.xml.transform.TransformerFactory = __redirected.__TransformerFactory
	javax.xml.validation.SchemaFactory:http://www.w3.org/2001/XMLSchema = __redirected.__SchemaFactory
	javax.xml.xpath.XPathFactory:http://java.sun.com/jaxp/xpath/dom = __redirected.__XPathFactory
	jboss.home.dir = /home/tomek/workspace/wildfly9-examples/undertow-js/wildfly
	jboss.host.name = localhost
	jboss.modules.dir = /home/tomek/workspace/wildfly9-examples/undertow-js/wildfly/modules
	jboss.modules.system.pkgs = org.jboss.byteman
	jboss.node.name = localhost
	jboss.qualified.host.name = localhost.localdomain
	jboss.server.base.dir = /home/tomek/workspace/wildfly9-examples/undertow-js/wildfly/standalone
	jboss.server.config.dir = /home/tomek/workspace/wildfly9-examples/undertow-js/wildfly/standalone/configuration
	jboss.server.data.dir = /home/tomek/workspace/wildfly9-examples/undertow-js/wildfly/standalone/data
	jboss.server.deploy.dir = /home/tomek/workspace/wildfly9-examples/undertow-js/wildfly/standalone/data/content
	jboss.server.log.dir = /home/tomek/workspace/wildfly9-examples/undertow-js/wildfly/standalone/log
	jboss.server.name = localhost
	jboss.server.persist.config = true
	jboss.server.temp.dir = /home/tomek/workspace/wildfly9-examples/undertow-js/wildfly/standalone/tmp
	line.separator = 

	logging.configuration = file:/home/tomek/workspace/wildfly9-examples/undertow-js/wildfly/standalone/configuration/logging.properties
	module.path = /home/tomek/workspace/wildfly9-examples/undertow-js/wildfly/modules
	org.jboss.boot.log.file = /home/tomek/workspace/wildfly9-examples/undertow-js/wildfly/standalone/log/server.log
	org.jboss.resolver.warning = true
	org.xml.sax.driver = __redirected.__XMLReaderFactory
	os.arch = amd64
	os.name = Linux
	os.version = 3.19.8-100.fc20.x86_64
	path.separator = :
	sun.arch.data.model = 64
	sun.boot.class.path = /usr/lib/jvm/java-1.8.0-openjdk-1.8.0.45.x86_64/jre/lib/resources.jar:/usr/lib/jvm/java-1.8.0-openjdk-1.8.0.45.x86_64/jre/lib/rt.jar:/usr/lib/jvm/java-1.8.0-openjdk-1.8.0.45.x86_64/jre/lib/sunrsasign.jar:/usr/lib/jvm/java-1.8.0-openjdk-1.8.0.45.x86_64/jre/lib/jsse.jar:/usr/lib/jvm/java-1.8.0-openjdk-1.8.0.45.x86_64/jre/lib/jce.jar:/usr/lib/jvm/java-1.8.0-openjdk-1.8.0.45.x86_64/jre/lib/charsets.jar:/usr/lib/jvm/java-1.8.0-openjdk-1.8.0.45.x86_64/jre/lib/jfr.jar:/usr/lib/jvm/java-1.8.0-openjdk-1.8.0.45.x86_64/jre/classes
	sun.boot.library.path = /usr/lib/jvm/java-1.8.0-openjdk-1.8.0.45.x86_64/jre/lib/amd64
	sun.cpu.endian = little
	sun.cpu.isalist = 
	sun.io.unicode.encoding = UnicodeLittle
	sun.java.command = /home/tomek/workspace/wildfly9-examples/undertow-js/wildfly/jboss-modules.jar -mp /home/tomek/workspace/wildfly9-examples/undertow-js/wildfly/modules org.jboss.as.standalone -Djboss.home.dir=/home/tomek/workspace/wildfly9-examples/undertow-js/wildfly -Djboss.server.base.dir=/home/tomek/workspace/wildfly9-examples/undertow-js/wildfly/standalone
	sun.java.launcher = SUN_STANDARD
	sun.jnu.encoding = UTF-8
	sun.management.compiler = HotSpot 64-Bit Tiered Compilers
	sun.os.patch.level = unknown
	user.country = PL
	user.dir = /home/tomek/workspace/wildfly9-examples/undertow-js/wildfly/bin
	user.home = /home/tomek
	user.language = pl
	user.name = tomek
	user.timezone = Poland
2015-11-03 18:29:13,314 DEBUG [org.jboss.as.config] (MSC service thread 1-6) VM Arguments: -D[Standalone] -Xms64m -Xmx512m -Djava.net.preferIPv4Stack=true -Djboss.modules.system.pkgs=org.jboss.byteman -Djava.awt.headless=true -Dorg.jboss.boot.log.file=/home/tomek/workspace/wildfly9-examples/undertow-js/wildfly/standalone/log/server.log -Dlogging.configuration=file:/home/tomek/workspace/wildfly9-examples/undertow-js/wildfly/standalone/configuration/logging.properties 
2015-11-03 18:29:14,242 INFO  [org.jboss.as.server] (Controller Boot Thread) WFLYSRV0039: Creating http management service using socket-binding (management-http)
2015-11-03 18:29:14,255 INFO  [org.xnio] (MSC service thread 1-8) XNIO version 3.3.2.Final
2015-11-03 18:29:14,261 INFO  [org.xnio.nio] (MSC service thread 1-8) XNIO NIO Implementation Version 3.3.2.Final
2015-11-03 18:29:14,290 INFO  [org.jboss.remoting] (MSC service thread 1-8) JBoss Remoting version 4.0.14.Final
2015-11-03 18:29:14,332 INFO  [org.jboss.as.connector.subsystems.datasources] (ServerService Thread Pool -- 33) WFLYJCA0004: Deploying JDBC-compliant driver class org.h2.Driver (version 1.3)
2015-11-03 18:29:14,353 INFO  [org.jboss.as.clustering.infinispan] (ServerService Thread Pool -- 38) WFLYCLINF0001: Activating Infinispan subsystem.
2015-11-03 18:29:14,353 INFO  [org.wildfly.extension.io] (ServerService Thread Pool -- 37) WFLYIO001: Worker 'default' has auto-configured to 8 core threads with 64 task threads based on your 4 available processors
2015-11-03 18:29:14,390 INFO  [org.jboss.as.connector] (MSC service thread 1-5) WFLYJCA0009: Starting JCA Subsystem (WildFly/IronJacamar 1.3.1.Final)
2015-11-03 18:29:14,396 INFO  [org.jboss.as.naming] (ServerService Thread Pool -- 46) WFLYNAM0001: Activating Naming Subsystem
2015-11-03 18:29:14,399 INFO  [org.jboss.as.connector.deployers.jdbc] (MSC service thread 1-7) WFLYJCA0018: Started Driver service with driver-name = h2
2015-11-03 18:29:14,409 INFO  [org.jboss.as.jsf] (ServerService Thread Pool -- 44) WFLYJSF0007: Activated the following JSF Implementations: [main]
2015-11-03 18:29:14,521 INFO  [org.jboss.as.security] (ServerService Thread Pool -- 53) WFLYSEC0002: Activating Security Subsystem
2015-11-03 18:29:14,524 WARN  [org.jboss.as.txn] (ServerService Thread Pool -- 54) WFLYTX0013: Node identifier property is set to the default value. Please make sure it is unique.
2015-11-03 18:29:14,538 INFO  [org.jboss.as.webservices] (ServerService Thread Pool -- 56) WFLYWS0002: Activating WebServices Extension
2015-11-03 18:29:14,572 INFO  [org.wildfly.extension.undertow] (MSC service thread 1-7) WFLYUT0003: Undertow 1.3.4.Final starting
2015-11-03 18:29:14,576 INFO  [org.jboss.as.security] (MSC service thread 1-7) WFLYSEC0001: Current PicketBox version=4.9.3.Final
2015-11-03 18:29:14,580 INFO  [org.jboss.as.naming] (MSC service thread 1-5) WFLYNAM0003: Starting Naming Service
2015-11-03 18:29:14,583 INFO  [org.wildfly.extension.undertow] (ServerService Thread Pool -- 55) WFLYUT0003: Undertow 1.3.4.Final starting
2015-11-03 18:29:14,587 INFO  [org.jboss.as.mail.extension] (MSC service thread 1-5) WFLYMAIL0001: Bound mail session [java:jboss/mail/Default]
2015-11-03 18:29:14,688 INFO  [org.jboss.as.ejb3] (MSC service thread 1-5) WFLYEJB0482: Strict pool mdb-strict-max-pool is using a max instance size of 16 (per class), which is derived from the number of CPUs on this host.
2015-11-03 18:29:14,688 INFO  [org.jboss.as.ejb3] (MSC service thread 1-6) WFLYEJB0481: Strict pool slsb-strict-max-pool is using a max instance size of 64 (per class), which is derived from thread worker pool sizing.
2015-11-03 18:29:14,767 INFO  [org.wildfly.extension.undertow] (ServerService Thread Pool -- 55) WFLYUT0014: Creating file handler for path '/home/tomek/workspace/wildfly9-examples/undertow-js/wildfly/welcome-content' with options [directory-listing: 'false', follow-symlink: 'false', case-sensitive: 'true', safe-symlink-paths: '[]']
2015-11-03 18:29:14,800 INFO  [org.wildfly.extension.undertow] (MSC service thread 1-2) WFLYUT0012: Started server default-server.
2015-11-03 18:29:14,805 INFO  [org.wildfly.extension.undertow] (MSC service thread 1-6) WFLYUT0018: Host default-host starting
2015-11-03 18:29:14,887 INFO  [org.wildfly.extension.undertow] (MSC service thread 1-2) WFLYUT0006: Undertow HTTP listener default listening on 127.0.0.1:8080
2015-11-03 18:29:15,024 INFO  [org.jboss.as.server.deployment.scanner] (MSC service thread 1-5) WFLYDS0013: Started FileSystemDeploymentService for directory /home/tomek/workspace/wildfly9-examples/undertow-js/wildfly/standalone/deployments
2015-11-03 18:29:15,068 INFO  [org.jboss.as.server.deployment] (MSC service thread 1-7) WFLYSRV0027: Starting deployment of "foo-rest.war" (runtime-name: "foo-rest.war")
2015-11-03 18:29:15,070 INFO  [org.jboss.as.connector.subsystems.datasources] (MSC service thread 1-5) WFLYJCA0001: Bound data source [java:jboss/datasources/ExampleDS]
2015-11-03 18:29:15,153 INFO  [org.infinispan.factories.GlobalComponentRegistry] (MSC service thread 1-4) ISPN000128: Infinispan version: Infinispan 'Infinite Darkness' 8.0.1.Final
2015-11-03 18:29:15,163 INFO  [org.jboss.ws.common.management] (MSC service thread 1-2) JBWS022052: Starting JBoss Web Services - Stack CXF Server 5.1.0.Final
2015-11-03 18:29:15,386 INFO  [org.jboss.as.jpa] (MSC service thread 1-1) WFLYJPA0002: Read persistence.xml for primary
2015-11-03 18:29:15,394 WARN  [org.jboss.as.connector] (MSC service thread 1-1) WFLYJCA0091: -ds.xml file deployments are deprecated. Support may be removed in a future version.
2015-11-03 18:29:15,449 INFO  [org.jboss.as.connector.subsystems.datasources] (MSC service thread 1-1) WFLYJCA0001: Bound data source [java:jboss/datasources/FooRestDS]
2015-11-03 18:29:15,450 INFO  [org.jboss.as.jpa] (ServerService Thread Pool -- 58) WFLYJPA0010: Starting Persistence Unit (phase 1 of 2) Service 'foo-rest.war#primary'
2015-11-03 18:29:15,468 INFO  [org.hibernate.jpa.internal.util.LogHelper] (ServerService Thread Pool -- 58) HHH000204: Processing PersistenceUnitInfo [
	name: primary
	...]
2015-11-03 18:29:15,469 INFO  [org.jboss.weld.deployer] (MSC service thread 1-5) WFLYWELD0003: Processing weld deployment foo-rest.war
2015-11-03 18:29:15,521 INFO  [org.hibernate.validator.internal.util.Version] (MSC service thread 1-5) HV000001: Hibernate Validator 5.2.2.Final
2015-11-03 18:29:15,534 INFO  [org.hibernate.Version] (ServerService Thread Pool -- 58) HHH000412: Hibernate Core {5.0.1.Final}
2015-11-03 18:29:15,535 INFO  [org.hibernate.cfg.Environment] (ServerService Thread Pool -- 58) HHH000206: hibernate.properties not found
2015-11-03 18:29:15,539 INFO  [org.hibernate.cfg.Environment] (ServerService Thread Pool -- 58) HHH000021: Bytecode provider name : javassist
2015-11-03 18:29:15,578 INFO  [org.hibernate.orm.deprecation] (ServerService Thread Pool -- 58) HHH90000001: Found usage of deprecated setting for specifying Scanner [hibernate.ejb.resource_scanner]; use [hibernate.archive.scanner] instead
2015-11-03 18:29:15,585 INFO  [org.hibernate.annotations.common.Version] (ServerService Thread Pool -- 58) HCANN000001: Hibernate Commons Annotations {5.0.0.Final}
2015-11-03 18:29:15,896 INFO  [org.jboss.weld.deployer] (MSC service thread 1-8) WFLYWELD0006: Starting Services for CDI deployment: foo-rest.war
2015-11-03 18:29:15,918 INFO  [org.jboss.weld.Version] (MSC service thread 1-8) WELD-000900: 2.3.1 (Final)
2015-11-03 18:29:15,941 INFO  [org.jboss.weld.deployer] (MSC service thread 1-5) WFLYWELD0009: Starting weld service for deployment foo-rest.war
2015-11-03 18:29:16,064 INFO  [org.jboss.as.jpa] (ServerService Thread Pool -- 58) WFLYJPA0010: Starting Persistence Unit (phase 2 of 2) Service 'foo-rest.war#primary'
2015-11-03 18:29:16,205 INFO  [org.hibernate.dialect.Dialect] (ServerService Thread Pool -- 58) HHH000400: Using dialect: org.hibernate.dialect.H2Dialect
2015-11-03 18:29:16,208 WARN  [org.hibernate.dialect.H2Dialect] (ServerService Thread Pool -- 58) HHH000431: Unable to determine H2 database version, certain features may not work
2015-11-03 18:29:16,238 INFO  [org.hibernate.envers.boot.internal.EnversServiceImpl] (ServerService Thread Pool -- 58) Envers integration enabled? : true
2015-11-03 18:29:16,521 INFO  [org.hibernate.tool.hbm2ddl.SchemaExport] (ServerService Thread Pool -- 58) HHH000227: Running hbm2ddl schema export
2015-11-03 18:29:16,527 INFO  [org.hibernate.tool.hbm2ddl.SchemaExport] (ServerService Thread Pool -- 58) HHH000230: Schema export complete
2015-11-03 18:29:17,790 INFO  [org.wildfly.extension.undertow] (ServerService Thread Pool -- 59) WFLYUT0021: Registered web context: /foo-rest
2015-11-03 18:29:17,819 INFO  [org.jboss.as.server] (ServerService Thread Pool -- 34) WFLYSRV0010: Deployed "foo-rest.war" (runtime-name : "foo-rest.war")
2015-11-03 18:29:17,888 INFO  [org.jboss.as] (Controller Boot Thread) WFLYSRV0060: Http management interface listening on http://127.0.0.1:9990/management
2015-11-03 18:29:17,889 INFO  [org.jboss.as] (Controller Boot Thread) WFLYSRV0051: Admin console listening on http://127.0.0.1:9990
2015-11-03 18:29:17,889 INFO  [org.jboss.as] (Controller Boot Thread) WFLYSRV0025: WildFly Full 10.0.0.CR5-SNAPSHOT (WildFly Core 2.0.0.Final) started in 5018ms - Started 360 of 611 services (344 services are lazy, passive or on-demand)
2015-11-03 18:29:34,193 INFO  [org.hibernate.hql.internal.QueryTranslatorFactoryInitiator] (default task-3) HHH000397: Using ASTQueryTranslatorFactory
